<?xml version="1.0" encoding="UTF-8"?>
<testsuite xmlns:xsi="http://www.w3.org/2001/XMLSchema-instance" xsi:noNamespaceSchemaLocation="https://maven.apache.org/surefire/maven-surefire-plugin/xsd/surefire-test-report-3.0.xsd" version="3.0" name="com.xashytech.university.service.StudentServiceTest" time="0.353" tests="14" errors="0" skipped="0" failures="0">
  <properties>
[...]
</properties>
  <testcase name="testSaveStudent_Success" classname="com.xashytech.university.service.StudentServiceTest" time="0.084"/>
  <testcase name="testDeleteStudent_NotFound" classname="com.xashytech.university.service.StudentServiceTest" time="0.001"/>
  <testcase name="testUpdateStudent_NotFound" classname="com.xashytech.university.service.StudentServiceTest" time="0.001"/>
  <testcase name="testSaveStudent_DuplicateEmail" classname="com.xashytech.university.service.StudentServiceTest" time="0"/>
  <testcase name="testGetStudentsByProgram" classname="com.xashytech.university.service.StudentServiceTest" time="0.001"/>
  <testcase name="testGetAllStudents" classname="com.xashytech.university.service.StudentServiceTest" time="0.001"/>
  <testcase name="testDeleteStudent_Success" classname="com.xashytech.university.service.StudentServiceTest" time="0"/>
  <testcase name="testGetStudentById" classname="com.xashytech.university.service.StudentServiceTest" time="0"/>
  <testcase name="testSaveStudent_DuplicateStudentId" classname="com.xashytech.university.service.StudentServiceTest" time="0.001"/>
  <testcase name="testStudentValidation_Invalid" classname="com.xashytech.university.service.StudentServiceTest" time="0"/>
  <testcase name="testGetActiveStudents" classname="com.xashytech.university.service.StudentServiceTest" time="0.001"/>
  <testcase name="testGetStatistics" classname="com.xashytech.university.service.StudentServiceTest" time="0.002"/>
  <testcase name="testSearchStudentsByName" classname="com.xashytech.university.service.StudentServiceTest" time="0.003"/>
  <testcase name="testUpdateStudent_Success" classname="com.xashytech.university.service.StudentServiceTest" time="0.001"/>
</testsuite>